{"/Users/zachary.fisher/Desktop/zak-fisher/app/components/Workflow.jsx":{"path":"/Users/zachary.fisher/Desktop/zak-fisher/app/components/Workflow.jsx","s":{"1":1,"2":1,"3":1,"4":1,"5":1,"6":1,"7":1,"8":1,"9":1,"10":1,"11":1,"12":1,"13":1,"14":1,"15":1,"16":1,"17":7,"18":1,"19":1,"20":1,"21":1,"22":6,"23":6,"24":6,"25":6,"26":6,"27":6,"28":1,"29":1,"30":2,"31":2,"32":1,"33":1,"34":1,"35":1,"36":1,"37":1,"38":10,"39":4,"40":1,"41":1,"42":1,"43":4,"44":1,"45":1,"46":1,"47":1,"48":10,"49":10,"50":10,"51":1,"52":1,"53":1,"54":1,"55":1},"b":{"1":[6,1],"2":[7,7],"3":[6,0],"4":[0,2],"5":[4,6],"6":[0,1],"7":[1,3],"8":[3,7]},"f":{"1":7,"2":1,"3":6,"4":1,"5":2,"6":1,"7":1,"8":1,"9":10},"fnMap":{"1":{"name":"_interopRequireDefault","line":0,"loc":{"start":{"line":0,"column":0},"end":{"line":0,"column":0}},"skip":true},"2":{"name":"(anonymous_2)","line":0,"loc":{"start":{"line":0,"column":0},"end":{"line":0,"column":0}},"skip":true},"3":{"name":"Workflow","line":20,"loc":{"start":{"line":20,"column":14},"end":{"line":20,"column":21}}},"4":{"name":"(anonymous_4)","line":0,"loc":{"start":{"line":0,"column":0},"end":{"line":0,"column":0}},"skip":true},"5":{"name":"cycleSequence","line":30,"loc":{"start":{"line":30,"column":18},"end":{"line":30,"column":18}}},"6":{"name":"(anonymous_6)","line":0,"loc":{"start":{"line":0,"column":0},"end":{"line":0,"column":0}},"skip":true},"7":{"name":"cycleScenario","line":42,"loc":{"start":{"line":42,"column":18},"end":{"line":42,"column":18}}},"8":{"name":"(anonymous_8)","line":0,"loc":{"start":{"line":0,"column":0},"end":{"line":0,"column":0}},"skip":true},"9":{"name":"render","line":61,"loc":{"start":{"line":61,"column":11},"end":{"line":61,"column":11}}}},"statementMap":{"1":{"start":{"line":0,"column":0},"end":{"line":0,"column":0},"skip":true},"2":{"start":{"line":0,"column":0},"end":{"line":0,"column":0},"skip":true},"3":{"start":{"line":0,"column":0},"end":{"line":0,"column":0},"skip":true},"4":{"start":{"line":0,"column":0},"end":{"line":0,"column":0},"skip":true},"5":{"start":{"line":0,"column":0},"end":{"line":0,"column":0},"skip":true},"6":{"start":{"line":0,"column":0},"end":{"line":0,"column":0},"skip":true},"7":{"start":{"line":0,"column":0},"end":{"line":0,"column":0},"skip":true},"8":{"start":{"line":0,"column":0},"end":{"line":0,"column":0},"skip":true},"9":{"start":{"line":0,"column":0},"end":{"line":0,"column":0},"skip":true},"10":{"start":{"line":0,"column":0},"end":{"line":0,"column":0},"skip":true},"11":{"start":{"line":0,"column":0},"end":{"line":0,"column":0},"skip":true},"12":{"start":{"line":0,"column":0},"end":{"line":0,"column":0},"skip":true},"13":{"start":{"line":0,"column":0},"end":{"line":0,"column":0},"skip":true},"14":{"start":{"line":1,"column":0},"end":{"line":null,"column":null}},"15":{"start":{"line":0,"column":0},"end":{"line":0,"column":0},"skip":true},"16":{"start":{"line":0,"column":0},"end":{"line":0,"column":0},"skip":true},"17":{"start":{"line":0,"column":0},"end":{"line":0,"column":0},"skip":true},"18":{"start":{"line":3,"column":0},"end":{"line":null,"column":null}},"19":{"start":{"line":10,"column":21},"end":{"line":null,"column":null}},"20":{"start":{"line":0,"column":0},"end":{"line":0,"column":0},"skip":true},"21":{"start":{"line":20,"column":14},"end":{"line":null,"column":null}},"22":{"start":{"line":0,"column":0},"end":{"line":0,"column":0},"skip":true},"23":{"start":{"line":21,"column":10},"end":{"line":null,"column":null}},"24":{"start":{"line":22,"column":9},"end":{"line":null,"column":null}},"25":{"start":{"line":23,"column":9},"end":{"line":null,"column":null}},"26":{"start":{"line":24,"column":9},"end":{"line":null,"column":null}},"27":{"start":{"line":0,"column":0},"end":{"line":0,"column":0},"skip":true},"28":{"start":{"line":0,"column":0},"end":{"line":0,"column":0},"skip":true},"29":{"start":{"line":30,"column":18},"end":{"line":null,"column":null}},"30":{"start":{"line":31,"column":10},"end":{"line":null,"column":null}},"31":{"start":{"line":36,"column":9},"end":{"line":null,"column":null}},"32":{"start":{"line":0,"column":0},"end":{"line":0,"column":0},"skip":true},"33":{"start":{"line":42,"column":18},"end":{"line":null,"column":null}},"34":{"start":{"line":43,"column":10},"end":{"line":null,"column":null}},"35":{"start":{"line":44,"column":10},"end":{"line":null,"column":null}},"36":{"start":{"line":45,"column":8},"end":{"line":null,"column":null}},"37":{"start":{"line":46,"column":9},"end":{"line":null,"column":null}},"38":{"start":{"line":47,"column":10},"end":{"line":null,"column":null}},"39":{"start":{"line":47,"column":54},"end":{"line":null,"column":null}},"40":{"start":{"line":49,"column":10},"end":{"line":null,"column":null}},"41":{"start":{"line":50,"column":10},"end":{"line":null,"column":null}},"42":{"start":{"line":54,"column":9},"end":{"line":null,"column":null}},"43":{"start":{"line":55,"column":10},"end":{"line":null,"column":null}},"44":{"start":{"line":56,"column":13},"end":{"line":null,"column":null}},"45":{"start":{"line":0,"column":0},"end":{"line":0,"column":0},"skip":true},"46":{"start":{"line":0,"column":0},"end":{"line":0,"column":0},"skip":true},"47":{"start":{"line":61,"column":11},"end":{"line":null,"column":null}},"48":{"start":{"line":62,"column":10},"end":{"line":null,"column":null}},"49":{"start":{"line":63,"column":10},"end":{"line":null,"column":null}},"50":{"start":{"line":66,"column":6},"end":{"line":null,"column":null}},"51":{"start":{"line":0,"column":0},"end":{"line":0,"column":0},"skip":true},"52":{"start":{"line":0,"column":0},"end":{"line":0,"column":0},"skip":true},"53":{"start":{"line":10,"column":21},"end":{"line":null,"column":null}},"54":{"start":{"line":10,"column":21},"end":{"line":null,"column":null}},"55":{"start":{"line":10,"column":21},"end":{"line":null,"column":null}}},"branchMap":{"1":{"line":0,"type":"cond-expr","locations":[{"start":{"line":0,"column":0},"end":{"line":0,"column":0},"skip":true},{"start":{"line":0,"column":0},"end":{"line":0,"column":0},"skip":true}]},"2":{"line":0,"type":"binary-expr","locations":[{"start":{"line":0,"column":0},"end":{"line":0,"column":0},"skip":true},{"start":{"line":0,"column":0},"end":{"line":0,"column":0},"skip":true}]},"3":{"line":21,"type":"binary-expr","locations":[{"start":{"line":21,"column":10},"end":{"line":21,"column":10}},{"start":{"line":21,"column":10},"end":{"line":21,"column":10}}]},"4":{"line":33,"type":"cond-expr","locations":[{"start":{"line":33,"column":8},"end":{"line":32,"column":6}},{"start":{"line":34,"column":8},"end":{"line":31,"column":4}}]},"5":{"line":47,"type":"if","locations":[{"start":{"line":47,"column":10},"end":{"line":47,"column":10}},{"start":{"line":47,"column":10},"end":{"line":47,"column":10}}]},"6":{"line":52,"type":"cond-expr","locations":[{"start":{"line":52,"column":8},"end":{"line":51,"column":6}},{"start":{"line":53,"column":8},"end":{"line":50,"column":4}}]},"7":{"line":55,"type":"if","locations":[{"start":{"line":55,"column":10},"end":{"line":55,"column":10}},{"start":{"line":55,"column":10},"end":{"line":55,"column":10}}]},"8":{"line":72,"type":"cond-expr","locations":[{"start":{"line":72,"column":14},"end":{"line":71,"column":11}},{"start":{"line":73,"column":14},"end":{"line":null,"column":null}}]}}},"/Users/zachary.fisher/Desktop/zak-fisher/app/store/roadmap.js":{"path":"/Users/zachary.fisher/Desktop/zak-fisher/app/store/roadmap.js","s":{"1":1,"2":1,"3":1,"4":1,"5":1,"6":1,"7":1,"8":1,"9":0,"10":1,"11":1,"12":1},"b":{"1":[1,0],"2":[1,1],"3":[0,1],"4":[1,0]},"f":{"1":1},"fnMap":{"1":{"name":"_interopRequireDefault","line":0,"loc":{"start":{"line":0,"column":0},"end":{"line":0,"column":0}},"skip":true}},"statementMap":{"1":{"start":{"line":0,"column":0},"end":{"line":0,"column":0},"skip":true},"2":{"start":{"line":1,"column":0},"end":{"line":null,"column":null}},"3":{"start":{"line":2,"column":0},"end":{"line":null,"column":null}},"4":{"start":{"line":0,"column":0},"end":{"line":0,"column":0},"skip":true},"5":{"start":{"line":0,"column":0},"end":{"line":0,"column":0},"skip":true},"6":{"start":{"line":0,"column":0},"end":{"line":0,"column":0},"skip":true},"7":{"start":{"line":4,"column":0},"end":{"line":null,"column":null}},"8":{"start":{"line":5,"column":0},"end":{"line":null,"column":null}},"9":{"start":{"line":6,"column":23},"end":{"line":null,"column":null}},"10":{"start":{"line":9,"column":4},"end":{"line":null,"column":null}},"11":{"start":{"line":13,"column":0},"end":{"line":null,"column":null}},"12":{"start":{"line":14,"column":15},"end":{"line":null,"column":null}}},"branchMap":{"1":{"line":0,"type":"cond-expr","locations":[{"start":{"line":0,"column":0},"end":{"line":0,"column":0},"skip":true},{"start":{"line":0,"column":0},"end":{"line":0,"column":0},"skip":true}]},"2":{"line":0,"type":"binary-expr","locations":[{"start":{"line":0,"column":0},"end":{"line":0,"column":0},"skip":true},{"start":{"line":0,"column":0},"end":{"line":0,"column":0},"skip":true}]},"3":{"line":5,"type":"if","locations":[{"start":{"line":5,"column":0},"end":{"line":5,"column":0}},{"start":{"line":5,"column":0},"end":{"line":5,"column":0}}]},"4":{"line":10,"type":"binary-expr","locations":[{"start":{"line":10,"column":6},"end":{"line":10,"column":6}},{"start":{"line":11,"column":6},"end":{"line":9,"column":4}}]}}},"/Users/zachary.fisher/Desktop/zak-fisher/app/reducers/roadmapApp.js":{"path":"/Users/zachary.fisher/Desktop/zak-fisher/app/reducers/roadmapApp.js","s":{"1":1,"2":1,"3":1,"4":1,"5":1,"6":1,"7":1,"8":0,"9":0,"10":0,"11":0,"12":0,"13":0,"14":0,"15":1,"16":1},"b":{"1":[1,0],"2":[1,1],"3":[0,0],"4":[0,0]},"f":{"1":1},"fnMap":{"1":{"name":"_interopRequireWildcard","line":0,"loc":{"start":{"line":0,"column":0},"end":{"line":0,"column":0}},"skip":true}},"statementMap":{"1":{"start":{"line":0,"column":0},"end":{"line":0,"column":0},"skip":true},"2":{"start":{"line":1,"column":0},"end":{"line":null,"column":null}},"3":{"start":{"line":2,"column":0},"end":{"line":null,"column":null}},"4":{"start":{"line":2,"column":12},"end":{"line":null,"column":null}},"5":{"start":{"line":0,"column":0},"end":{"line":0,"column":0},"skip":true},"6":{"start":{"line":0,"column":0},"end":{"line":0,"column":0},"skip":true},"7":{"start":{"line":0,"column":0},"end":{"line":0,"column":0},"skip":true},"8":{"start":{"line":0,"column":0},"end":{"line":0,"column":0},"skip":true},"9":{"start":{"line":0,"column":0},"end":{"line":0,"column":0},"skip":true},"10":{"start":{"line":0,"column":0},"end":{"line":0,"column":0},"skip":true},"11":{"start":{"line":0,"column":0},"end":{"line":0,"column":0},"skip":true},"12":{"start":{"line":0,"column":0},"end":{"line":0,"column":0},"skip":true},"13":{"start":{"line":0,"column":0},"end":{"line":0,"column":0},"skip":true},"14":{"start":{"line":0,"column":0},"end":{"line":0,"column":0},"skip":true},"15":{"start":{"line":4,"column":0},"end":{"line":null,"column":null}},"16":{"start":{"line":5,"column":15},"end":{"line":null,"column":null}}},"branchMap":{"1":{"line":0,"type":"if","locations":[{"start":{"line":0,"column":0},"end":{"line":0,"column":0},"skip":true},{"start":{"line":0,"column":0},"end":{"line":0,"column":0},"skip":true}]},"2":{"line":0,"type":"binary-expr","locations":[{"start":{"line":0,"column":0},"end":{"line":0,"column":0},"skip":true},{"start":{"line":0,"column":0},"end":{"line":0,"column":0},"skip":true}]},"3":{"line":0,"type":"if","locations":[{"start":{"line":0,"column":0},"end":{"line":0,"column":0},"skip":true},{"start":{"line":0,"column":0},"end":{"line":0,"column":0},"skip":true}]},"4":{"line":0,"type":"if","locations":[{"start":{"line":0,"column":0},"end":{"line":0,"column":0},"skip":true},{"start":{"line":0,"column":0},"end":{"line":0,"column":0},"skip":true}]}}},"/Users/zachary.fisher/Desktop/zak-fisher/app/reducers/roadmap.js":{"path":"/Users/zachary.fisher/Desktop/zak-fisher/app/reducers/roadmap.js","s":{"1":1,"2":1,"3":1,"4":1,"5":1,"6":1,"7":1,"8":1,"9":1,"10":1,"11":1,"12":1,"13":1,"14":0,"15":0,"16":0,"17":0,"18":0,"19":0,"20":0,"21":1,"22":2,"23":1,"24":18,"25":18,"26":18,"27":1,"28":17,"29":1,"30":18,"31":18,"32":18,"33":1,"34":17,"35":1,"36":18,"37":18,"38":18,"39":2,"40":22,"41":0,"42":22,"43":11,"44":5},"b":{"1":[1,0],"2":[1,1],"3":[0,0],"4":[0,0],"5":[2,0],"6":[2,2],"7":[15,3],"8":[18,18],"9":[1,17],"10":[15,3],"11":[18,18],"12":[1,17],"13":[15,3],"14":[18,18],"15":[2,11,5],"16":[0,22]},"f":{"1":1,"2":2,"3":18,"4":18,"5":18,"6":22},"fnMap":{"1":{"name":"_interopRequireWildcard","line":0,"loc":{"start":{"line":0,"column":0},"end":{"line":0,"column":0}},"skip":true},"2":{"name":"_interopRequireDefault","line":0,"loc":{"start":{"line":0,"column":0},"end":{"line":0,"column":0}},"skip":true},"3":{"name":"categoryFilter","line":3,"loc":{"start":{"line":3,"column":7},"end":{"line":3,"column":81}}},"4":{"name":"searchText","line":12,"loc":{"start":{"line":12,"column":7},"end":{"line":12,"column":47}}},"5":{"name":"features","line":21,"loc":{"start":{"line":21,"column":7},"end":{"line":21,"column":45}}},"6":{"name":"(anonymous_6)","line":24,"loc":{"start":{"line":24,"column":21},"end":{"line":24,"column":38}}}},"statementMap":{"1":{"start":{"line":0,"column":0},"end":{"line":0,"column":0},"skip":true},"2":{"start":{"line":0,"column":0},"end":{"line":0,"column":0},"skip":true},"3":{"start":{"line":0,"column":0},"end":{"line":0,"column":0},"skip":true},"4":{"start":{"line":0,"column":0},"end":{"line":0,"column":0},"skip":true},"5":{"start":{"line":0,"column":0},"end":{"line":0,"column":0},"skip":true},"6":{"start":{"line":3,"column":16},"end":{"line":null,"column":null}},"7":{"start":{"line":12,"column":16},"end":{"line":null,"column":null}},"8":{"start":{"line":21,"column":16},"end":{"line":null,"column":null}},"9":{"start":{"line":1,"column":0},"end":{"line":null,"column":null}},"10":{"start":{"line":1,"column":12},"end":{"line":null,"column":null}},"11":{"start":{"line":0,"column":0},"end":{"line":0,"column":0},"skip":true},"12":{"start":{"line":0,"column":0},"end":{"line":0,"column":0},"skip":true},"13":{"start":{"line":0,"column":0},"end":{"line":0,"column":0},"skip":true},"14":{"start":{"line":0,"column":0},"end":{"line":0,"column":0},"skip":true},"15":{"start":{"line":0,"column":0},"end":{"line":0,"column":0},"skip":true},"16":{"start":{"line":0,"column":0},"end":{"line":0,"column":0},"skip":true},"17":{"start":{"line":0,"column":0},"end":{"line":0,"column":0},"skip":true},"18":{"start":{"line":0,"column":0},"end":{"line":0,"column":0},"skip":true},"19":{"start":{"line":0,"column":0},"end":{"line":0,"column":0},"skip":true},"20":{"start":{"line":0,"column":0},"end":{"line":0,"column":0},"skip":true},"21":{"start":{"line":0,"column":0},"end":{"line":0,"column":0},"skip":true},"22":{"start":{"line":0,"column":0},"end":{"line":0,"column":0},"skip":true},"23":{"start":{"line":3,"column":7},"end":{"line":null,"column":null}},"24":{"start":{"line":3,"column":31},"end":{"line":null,"column":null}},"25":{"start":{"line":3,"column":73},"end":{"line":null,"column":null}},"26":{"start":{"line":4,"column":10},"end":{"line":null,"column":null}},"27":{"start":{"line":6,"column":11},"end":{"line":null,"column":null}},"28":{"start":{"line":8,"column":11},"end":{"line":null,"column":null}},"29":{"start":{"line":12,"column":7},"end":{"line":null,"column":null}},"30":{"start":{"line":12,"column":27},"end":{"line":null,"column":null}},"31":{"start":{"line":12,"column":39},"end":{"line":null,"column":null}},"32":{"start":{"line":13,"column":10},"end":{"line":null,"column":null}},"33":{"start":{"line":15,"column":11},"end":{"line":null,"column":null}},"34":{"start":{"line":17,"column":11},"end":{"line":null,"column":null}},"35":{"start":{"line":21,"column":7},"end":{"line":null,"column":null}},"36":{"start":{"line":21,"column":25},"end":{"line":null,"column":null}},"37":{"start":{"line":21,"column":37},"end":{"line":null,"column":null}},"38":{"start":{"line":22,"column":10},"end":{"line":null,"column":null}},"39":{"start":{"line":24,"column":11},"end":{"line":null,"column":null}},"40":{"start":{"line":25,"column":10},"end":{"line":null,"column":null}},"41":{"start":{"line":26,"column":20},"end":{"line":null,"column":null}},"42":{"start":{"line":28,"column":13},"end":{"line":null,"column":null}},"43":{"start":{"line":31,"column":15},"end":{"line":null,"column":null}},"44":{"start":{"line":40,"column":11},"end":{"line":null,"column":null}}},"branchMap":{"1":{"line":0,"type":"if","locations":[{"start":{"line":0,"column":0},"end":{"line":0,"column":0},"skip":true},{"start":{"line":0,"column":0},"end":{"line":0,"column":0},"skip":true}]},"2":{"line":0,"type":"binary-expr","locations":[{"start":{"line":0,"column":0},"end":{"line":0,"column":0},"skip":true},{"start":{"line":0,"column":0},"end":{"line":0,"column":0},"skip":true}]},"3":{"line":0,"type":"if","locations":[{"start":{"line":0,"column":0},"end":{"line":0,"column":0},"skip":true},{"start":{"line":0,"column":0},"end":{"line":0,"column":0},"skip":true}]},"4":{"line":0,"type":"if","locations":[{"start":{"line":0,"column":0},"end":{"line":0,"column":0},"skip":true},{"start":{"line":0,"column":0},"end":{"line":0,"column":0},"skip":true}]},"5":{"line":0,"type":"cond-expr","locations":[{"start":{"line":0,"column":0},"end":{"line":0,"column":0},"skip":true},{"start":{"line":0,"column":0},"end":{"line":0,"column":0},"skip":true}]},"6":{"line":0,"type":"binary-expr","locations":[{"start":{"line":0,"column":0},"end":{"line":0,"column":0},"skip":true},{"start":{"line":0,"column":0},"end":{"line":0,"column":0},"skip":true}]},"7":{"line":3,"type":"cond-expr","locations":[{"start":{"line":3,"column":39},"end":{"line":3,"column":39}},{"start":{"line":3,"column":39},"end":{"line":3,"column":81}}]},"8":{"line":3,"type":"binary-expr","locations":[{"start":{"line":3,"column":39},"end":{"line":3,"column":39}},{"start":{"line":3,"column":39},"end":{"line":3,"column":39}}]},"9":{"line":5,"type":"switch","locations":[{"start":{"line":5,"column":7},"end":{"line":null,"column":null}},{"start":{"line":0,"column":0},"end":{"line":0,"column":0},"skip":true}]},"10":{"line":12,"type":"cond-expr","locations":[{"start":{"line":12,"column":35},"end":{"line":12,"column":35}},{"start":{"line":12,"column":35},"end":{"line":12,"column":47}}]},"11":{"line":12,"type":"binary-expr","locations":[{"start":{"line":12,"column":35},"end":{"line":12,"column":35}},{"start":{"line":12,"column":35},"end":{"line":12,"column":35}}]},"12":{"line":14,"type":"switch","locations":[{"start":{"line":14,"column":7},"end":{"line":null,"column":null}},{"start":{"line":0,"column":0},"end":{"line":0,"column":0},"skip":true}]},"13":{"line":21,"type":"cond-expr","locations":[{"start":{"line":21,"column":33},"end":{"line":21,"column":33}},{"start":{"line":21,"column":33},"end":{"line":21,"column":45}}]},"14":{"line":21,"type":"binary-expr","locations":[{"start":{"line":21,"column":33},"end":{"line":21,"column":33}},{"start":{"line":21,"column":33},"end":{"line":21,"column":33}}]},"15":{"line":23,"type":"switch","locations":[{"start":{"line":23,"column":7},"end":{"line":null,"column":null}},{"start":{"line":30,"column":7},"end":{"line":null,"column":null}},{"start":{"line":0,"column":0},"end":{"line":0,"column":0},"skip":true}]},"16":{"line":25,"type":"if","locations":[{"start":{"line":25,"column":10},"end":{"line":25,"column":10}},{"start":{"line":25,"column":10},"end":{"line":25,"column":10}}]}}},"/Users/zachary.fisher/Desktop/zak-fisher/app/actions/roadmap.js":{"path":"/Users/zachary.fisher/Desktop/zak-fisher/app/actions/roadmap.js","s":{"1":1,"2":1,"3":1,"4":1,"5":1,"6":1,"7":1,"8":1,"9":1,"10":1,"11":1,"12":1,"13":11,"14":1,"15":1,"16":1,"17":1,"18":1,"19":2},"b":{},"f":{"1":11,"2":1,"3":1,"4":2},"fnMap":{"1":{"name":"addFeature","line":30,"loc":{"start":{"line":30,"column":7},"end":{"line":31,"column":25}}},"2":{"name":"setCategoryFilter","line":43,"loc":{"start":{"line":43,"column":7},"end":{"line":43,"column":42}}},"3":{"name":"setSearchText","line":47,"loc":{"start":{"line":47,"column":7},"end":{"line":47,"column":36}}},"4":{"name":"likeFeature","line":51,"loc":{"start":{"line":51,"column":7},"end":{"line":51,"column":35}}}},"statementMap":{"1":{"start":{"line":0,"column":0},"end":{"line":0,"column":0},"skip":true},"2":{"start":{"line":30,"column":16},"end":{"line":null,"column":null}},"3":{"start":{"line":43,"column":16},"end":{"line":null,"column":null}},"4":{"start":{"line":47,"column":16},"end":{"line":null,"column":null}},"5":{"start":{"line":51,"column":16},"end":{"line":null,"column":null}},"6":{"start":{"line":5,"column":7},"end":{"line":null,"column":null}},"7":{"start":{"line":6,"column":7},"end":{"line":null,"column":null}},"8":{"start":{"line":7,"column":7},"end":{"line":null,"column":null}},"9":{"start":{"line":8,"column":7},"end":{"line":null,"column":null}},"10":{"start":{"line":13,"column":7},"end":{"line":null,"column":null}},"11":{"start":{"line":20,"column":7},"end":{"line":null,"column":null}},"12":{"start":{"line":30,"column":7},"end":{"line":null,"column":null}},"13":{"start":{"line":32,"column":9},"end":{"line":null,"column":null}},"14":{"start":{"line":43,"column":7},"end":{"line":null,"column":null}},"15":{"start":{"line":44,"column":9},"end":{"line":null,"column":null}},"16":{"start":{"line":47,"column":7},"end":{"line":null,"column":null}},"17":{"start":{"line":48,"column":9},"end":{"line":null,"column":null}},"18":{"start":{"line":51,"column":7},"end":{"line":null,"column":null}},"19":{"start":{"line":52,"column":9},"end":{"line":null,"column":null}}},"branchMap":{}},"/Users/zachary.fisher/Desktop/zak-fisher/app/components/Roadmap.jsx":{"path":"/Users/zachary.fisher/Desktop/zak-fisher/app/components/Roadmap.jsx","s":{"1":1,"2":1,"3":1,"4":1,"5":1,"6":1,"7":1,"8":1,"9":1,"10":1,"11":1,"12":1,"13":1,"14":5,"15":1,"16":4,"17":1},"b":{"1":[4,1],"2":[5,5]},"f":{"1":5,"2":4},"fnMap":{"1":{"name":"_interopRequireDefault","line":0,"loc":{"start":{"line":0,"column":0},"end":{"line":0,"column":0}},"skip":true},"2":{"name":"Roadmap","line":11,"loc":{"start":{"line":11,"column":16},"end":{"line":null,"column":null}}}},"statementMap":{"1":{"start":{"line":0,"column":0},"end":{"line":0,"column":0},"skip":true},"2":{"start":{"line":1,"column":0},"end":{"line":null,"column":null}},"3":{"start":{"line":0,"column":0},"end":{"line":0,"column":0},"skip":true},"4":{"start":{"line":3,"column":0},"end":{"line":null,"column":null}},"5":{"start":{"line":0,"column":0},"end":{"line":0,"column":0},"skip":true},"6":{"start":{"line":4,"column":0},"end":{"line":null,"column":null}},"7":{"start":{"line":0,"column":0},"end":{"line":0,"column":0},"skip":true},"8":{"start":{"line":6,"column":0},"end":{"line":null,"column":null}},"9":{"start":{"line":0,"column":0},"end":{"line":0,"column":0},"skip":true},"10":{"start":{"line":7,"column":0},"end":{"line":null,"column":null}},"11":{"start":{"line":0,"column":0},"end":{"line":0,"column":0},"skip":true},"12":{"start":{"line":8,"column":0},"end":{"line":null,"column":null}},"13":{"start":{"line":0,"column":0},"end":{"line":0,"column":0},"skip":true},"14":{"start":{"line":0,"column":0},"end":{"line":0,"column":0},"skip":true},"15":{"start":{"line":11,"column":0},"end":{"line":null,"column":null}},"16":{"start":{"line":12,"column":2},"end":{"line":null,"column":null}},"17":{"start":{"line":31,"column":15},"end":{"line":null,"column":null}}},"branchMap":{"1":{"line":0,"type":"cond-expr","locations":[{"start":{"line":0,"column":0},"end":{"line":0,"column":0},"skip":true},{"start":{"line":0,"column":0},"end":{"line":0,"column":0},"skip":true}]},"2":{"line":0,"type":"binary-expr","locations":[{"start":{"line":0,"column":0},"end":{"line":0,"column":0},"skip":true},{"start":{"line":0,"column":0},"end":{"line":0,"column":0},"skip":true}]}}},"/Users/zachary.fisher/Desktop/zak-fisher/app/components/Card.jsx":{"path":"/Users/zachary.fisher/Desktop/zak-fisher/app/components/Card.jsx","s":{"1":1,"2":1,"3":1,"4":1,"5":1,"6":1,"7":9,"8":9,"9":9,"10":1,"11":1,"12":1},"b":{"1":[0,1],"2":[1,1],"3":[9,0],"4":[3,6]},"f":{"1":1,"2":9},"fnMap":{"1":{"name":"_interopRequireDefault","line":0,"loc":{"start":{"line":0,"column":0},"end":{"line":0,"column":0}},"skip":true},"2":{"name":"Card","line":3,"loc":{"start":{"line":3,"column":13},"end":{"line":3,"column":24}}}},"statementMap":{"1":{"start":{"line":0,"column":0},"end":{"line":0,"column":0},"skip":true},"2":{"start":{"line":1,"column":0},"end":{"line":null,"column":null}},"3":{"start":{"line":0,"column":0},"end":{"line":0,"column":0},"skip":true},"4":{"start":{"line":0,"column":0},"end":{"line":0,"column":0},"skip":true},"5":{"start":{"line":0,"column":0},"end":{"line":0,"column":0},"skip":true},"6":{"start":{"line":3,"column":0},"end":{"line":null,"column":null}},"7":{"start":{"line":4,"column":8},"end":{"line":null,"column":null}},"8":{"start":{"line":5,"column":8},"end":{"line":null,"column":null}},"9":{"start":{"line":9,"column":4},"end":{"line":null,"column":null}},"10":{"start":{"line":15,"column":0},"end":{"line":null,"column":null}},"11":{"start":{"line":22,"column":0},"end":{"line":null,"column":null}},"12":{"start":{"line":29,"column":15},"end":{"line":null,"column":null}}},"branchMap":{"1":{"line":0,"type":"cond-expr","locations":[{"start":{"line":0,"column":0},"end":{"line":0,"column":0},"skip":true},{"start":{"line":0,"column":0},"end":{"line":0,"column":0},"skip":true}]},"2":{"line":0,"type":"binary-expr","locations":[{"start":{"line":0,"column":0},"end":{"line":0,"column":0},"skip":true},{"start":{"line":0,"column":0},"end":{"line":0,"column":0},"skip":true}]},"3":{"line":4,"type":"cond-expr","locations":[{"start":{"line":4,"column":33},"end":{"line":4,"column":19}},{"start":{"line":4,"column":42},"end":{"line":4,"column":2}}]},"4":{"line":6,"type":"cond-expr","locations":[{"start":{"line":6,"column":9},"end":{"line":7,"column":6}},{"start":{"line":7,"column":6},"end":{"line":5,"column":2}}]}}},"/Users/zachary.fisher/Desktop/zak-fisher/app/components/SearchFeature.jsx":{"path":"/Users/zachary.fisher/Desktop/zak-fisher/app/components/SearchFeature.jsx","s":{"1":1,"2":1,"3":1,"4":1,"5":1,"6":1,"7":1,"8":1,"9":1,"10":1,"11":1,"12":1,"13":4,"14":1,"15":3,"16":3,"17":1,"18":0,"19":0,"20":3,"21":1,"22":1,"23":1},"b":{"1":[3,1],"2":[4,4]},"f":{"1":4,"2":3,"3":3,"4":0},"fnMap":{"1":{"name":"_interopRequireDefault","line":0,"loc":{"start":{"line":0,"column":0},"end":{"line":0,"column":0}},"skip":true},"2":{"name":"SearchFeature","line":8,"loc":{"start":{"line":8,"column":20},"end":{"line":null,"column":null}}},"3":{"name":"(anonymous_3)","line":0,"loc":{"start":{"line":0,"column":0},"end":{"line":0,"column":0}},"skip":true},"4":{"name":"onChange","line":12,"loc":{"start":{"line":12,"column":21},"end":{"line":12,"column":21}}}},"statementMap":{"1":{"start":{"line":0,"column":0},"end":{"line":0,"column":0},"skip":true},"2":{"start":{"line":1,"column":0},"end":{"line":null,"column":null}},"3":{"start":{"line":0,"column":0},"end":{"line":0,"column":0},"skip":true},"4":{"start":{"line":2,"column":0},"end":{"line":null,"column":null}},"5":{"start":{"line":3,"column":0},"end":{"line":null,"column":null}},"6":{"start":{"line":4,"column":0},"end":{"line":null,"column":null}},"7":{"start":{"line":0,"column":0},"end":{"line":0,"column":0},"skip":true},"8":{"start":{"line":5,"column":0},"end":{"line":null,"column":null}},"9":{"start":{"line":0,"column":0},"end":{"line":0,"column":0},"skip":true},"10":{"start":{"line":6,"column":0},"end":{"line":null,"column":null}},"11":{"start":{"line":0,"column":0},"end":{"line":0,"column":0},"skip":true},"12":{"start":{"line":0,"column":0},"end":{"line":0,"column":0},"skip":true},"13":{"start":{"line":0,"column":0},"end":{"line":0,"column":0},"skip":true},"14":{"start":{"line":8,"column":0},"end":{"line":null,"column":null}},"15":{"start":{"line":8,"column":23},"end":{"line":null,"column":null}},"16":{"start":{"line":8,"column":40},"end":{"line":null,"column":null}},"17":{"start":{"line":12,"column":21},"end":{"line":null,"column":null}},"18":{"start":{"line":13,"column":10},"end":{"line":null,"column":null}},"19":{"start":{"line":14,"column":17},"end":{"line":null,"column":null}},"20":{"start":{"line":0,"column":0},"end":{"line":0,"column":0},"skip":true},"21":{"start":{"line":19,"column":0},"end":{"line":null,"column":null}},"22":{"start":{"line":22,"column":0},"end":{"line":null,"column":null}},"23":{"start":{"line":24,"column":15},"end":{"line":null,"column":null}}},"branchMap":{"1":{"line":0,"type":"cond-expr","locations":[{"start":{"line":0,"column":0},"end":{"line":0,"column":0},"skip":true},{"start":{"line":0,"column":0},"end":{"line":0,"column":0},"skip":true}]},"2":{"line":0,"type":"binary-expr","locations":[{"start":{"line":0,"column":0},"end":{"line":0,"column":0},"skip":true},{"start":{"line":0,"column":0},"end":{"line":0,"column":0},"skip":true}]}}},"/Users/zachary.fisher/Desktop/zak-fisher/app/components/Input.jsx":{"path":"/Users/zachary.fisher/Desktop/zak-fisher/app/components/Input.jsx","s":{"1":1,"2":1,"3":1,"4":1,"5":1,"6":1,"7":2,"8":1,"9":3,"10":1,"11":1},"b":{"1":[1,1],"2":[2,2],"3":[3,0]},"f":{"1":2,"2":3},"fnMap":{"1":{"name":"_interopRequireDefault","line":0,"loc":{"start":{"line":0,"column":0},"end":{"line":0,"column":0}},"skip":true},"2":{"name":"Input","line":3,"loc":{"start":{"line":3,"column":14},"end":{"line":null,"column":null}}}},"statementMap":{"1":{"start":{"line":0,"column":0},"end":{"line":0,"column":0},"skip":true},"2":{"start":{"line":0,"column":0},"end":{"line":0,"column":0},"skip":true},"3":{"start":{"line":0,"column":0},"end":{"line":0,"column":0},"skip":true},"4":{"start":{"line":1,"column":0},"end":{"line":null,"column":null}},"5":{"start":{"line":0,"column":0},"end":{"line":0,"column":0},"skip":true},"6":{"start":{"line":0,"column":0},"end":{"line":0,"column":0},"skip":true},"7":{"start":{"line":0,"column":0},"end":{"line":0,"column":0},"skip":true},"8":{"start":{"line":3,"column":0},"end":{"line":null,"column":null}},"9":{"start":{"line":4,"column":2},"end":{"line":null,"column":null}},"10":{"start":{"line":13,"column":0},"end":{"line":null,"column":null}},"11":{"start":{"line":18,"column":15},"end":{"line":null,"column":null}}},"branchMap":{"1":{"line":0,"type":"cond-expr","locations":[{"start":{"line":0,"column":0},"end":{"line":0,"column":0},"skip":true},{"start":{"line":0,"column":0},"end":{"line":0,"column":0},"skip":true}]},"2":{"line":0,"type":"binary-expr","locations":[{"start":{"line":0,"column":0},"end":{"line":0,"column":0},"skip":true},{"start":{"line":0,"column":0},"end":{"line":0,"column":0},"skip":true}]},"3":{"line":7,"type":"cond-expr","locations":[{"start":{"line":7,"column":17},"end":{"line":8,"column":8}},{"start":{"line":8,"column":8},"end":{"line":4,"column":2}}]}}},"/Users/zachary.fisher/Desktop/zak-fisher/app/components/InputLabel.jsx":{"path":"/Users/zachary.fisher/Desktop/zak-fisher/app/components/InputLabel.jsx","s":{"1":1,"2":1,"3":1,"4":1,"5":1,"6":1,"7":2,"8":1,"9":3,"10":3,"11":0,"12":3,"13":3,"14":3,"15":0,"16":3,"17":3,"18":1,"19":1},"b":{"1":[1,1],"2":[2,2],"3":[0,3],"4":[3,0],"5":[3,0],"6":[3,3],"7":[0,3],"8":[3,0],"9":[0,3]},"f":{"1":2,"2":3},"fnMap":{"1":{"name":"_interopRequireDefault","line":0,"loc":{"start":{"line":0,"column":0},"end":{"line":0,"column":0}},"skip":true},"2":{"name":"InputLabel","line":3,"loc":{"start":{"line":3,"column":19},"end":{"line":3,"column":30}}}},"statementMap":{"1":{"start":{"line":0,"column":0},"end":{"line":0,"column":0},"skip":true},"2":{"start":{"line":0,"column":0},"end":{"line":0,"column":0},"skip":true},"3":{"start":{"line":0,"column":0},"end":{"line":0,"column":0},"skip":true},"4":{"start":{"line":1,"column":0},"end":{"line":null,"column":null}},"5":{"start":{"line":0,"column":0},"end":{"line":0,"column":0},"skip":true},"6":{"start":{"line":0,"column":0},"end":{"line":0,"column":0},"skip":true},"7":{"start":{"line":0,"column":0},"end":{"line":0,"column":0},"skip":true},"8":{"start":{"line":3,"column":0},"end":{"line":null,"column":null}},"9":{"start":{"line":4,"column":6},"end":{"line":null,"column":null}},"10":{"start":{"line":5,"column":6},"end":{"line":null,"column":null}},"11":{"start":{"line":7,"column":6},"end":{"line":null,"column":null}},"12":{"start":{"line":14,"column":6},"end":{"line":null,"column":null}},"13":{"start":{"line":15,"column":18},"end":{"line":null,"column":null}},"14":{"start":{"line":18,"column":6},"end":{"line":null,"column":null}},"15":{"start":{"line":20,"column":8},"end":{"line":null,"column":null}},"16":{"start":{"line":24,"column":8},"end":{"line":null,"column":null}},"17":{"start":{"line":29,"column":4},"end":{"line":null,"column":null}},"18":{"start":{"line":35,"column":0},"end":{"line":null,"column":null}},"19":{"start":{"line":41,"column":15},"end":{"line":null,"column":null}}},"branchMap":{"1":{"line":0,"type":"cond-expr","locations":[{"start":{"line":0,"column":0},"end":{"line":0,"column":0},"skip":true},{"start":{"line":0,"column":0},"end":{"line":0,"column":0},"skip":true}]},"2":{"line":0,"type":"binary-expr","locations":[{"start":{"line":0,"column":0},"end":{"line":0,"column":0},"skip":true},{"start":{"line":0,"column":0},"end":{"line":0,"column":0},"skip":true}]},"3":{"line":5,"type":"if","locations":[{"start":{"line":5,"column":6},"end":{"line":5,"column":6}},{"start":{"line":5,"column":6},"end":{"line":5,"column":6}}]},"4":{"line":5,"type":"binary-expr","locations":[{"start":{"line":5,"column":6},"end":{"line":5,"column":6}},{"start":{"line":5,"column":20},"end":{"line":5,"column":2}}]},"5":{"line":14,"type":"if","locations":[{"start":{"line":14,"column":6},"end":{"line":14,"column":6}},{"start":{"line":14,"column":6},"end":{"line":14,"column":6}}]},"6":{"line":14,"type":"binary-expr","locations":[{"start":{"line":14,"column":6},"end":{"line":14,"column":6}},{"start":{"line":14,"column":21},"end":{"line":14,"column":2}}]},"7":{"line":18,"type":"if","locations":[{"start":{"line":18,"column":6},"end":{"line":18,"column":6}},{"start":{"line":18,"column":6},"end":{"line":18,"column":6}}]},"8":{"line":18,"type":"binary-expr","locations":[{"start":{"line":18,"column":6},"end":{"line":18,"column":6}},{"start":{"line":18,"column":20},"end":{"line":18,"column":2}}]},"9":{"line":25,"type":"cond-expr","locations":[{"start":{"line":25,"column":22},"end":{"line":26,"column":6}},{"start":{"line":26,"column":6},"end":{"line":24,"column":2}}]}}},"/Users/zachary.fisher/Desktop/zak-fisher/app/components/InputField.jsx":{"path":"/Users/zachary.fisher/Desktop/zak-fisher/app/components/InputField.jsx","s":{"1":1,"2":1,"3":1,"4":1,"5":1,"6":1,"7":2,"8":1,"9":3,"10":1,"11":1},"b":{"1":[1,1],"2":[2,2],"3":[0,3]},"f":{"1":2,"2":3},"fnMap":{"1":{"name":"_interopRequireDefault","line":0,"loc":{"start":{"line":0,"column":0},"end":{"line":0,"column":0}},"skip":true},"2":{"name":"InputField","line":3,"loc":{"start":{"line":3,"column":19},"end":{"line":null,"column":null}}}},"statementMap":{"1":{"start":{"line":0,"column":0},"end":{"line":0,"column":0},"skip":true},"2":{"start":{"line":0,"column":0},"end":{"line":0,"column":0},"skip":true},"3":{"start":{"line":0,"column":0},"end":{"line":0,"column":0},"skip":true},"4":{"start":{"line":1,"column":0},"end":{"line":null,"column":null}},"5":{"start":{"line":0,"column":0},"end":{"line":0,"column":0},"skip":true},"6":{"start":{"line":0,"column":0},"end":{"line":0,"column":0},"skip":true},"7":{"start":{"line":0,"column":0},"end":{"line":0,"column":0},"skip":true},"8":{"start":{"line":3,"column":0},"end":{"line":null,"column":null}},"9":{"start":{"line":4,"column":2},"end":{"line":null,"column":null}},"10":{"start":{"line":13,"column":0},"end":{"line":null,"column":null}},"11":{"start":{"line":18,"column":15},"end":{"line":null,"column":null}}},"branchMap":{"1":{"line":0,"type":"cond-expr","locations":[{"start":{"line":0,"column":0},"end":{"line":0,"column":0},"skip":true},{"start":{"line":0,"column":0},"end":{"line":0,"column":0},"skip":true}]},"2":{"line":0,"type":"binary-expr","locations":[{"start":{"line":0,"column":0},"end":{"line":0,"column":0},"skip":true},{"start":{"line":0,"column":0},"end":{"line":0,"column":0},"skip":true}]},"3":{"line":7,"type":"cond-expr","locations":[{"start":{"line":7,"column":24},"end":{"line":8,"column":8}},{"start":{"line":8,"column":8},"end":{"line":4,"column":2}}]}}},"/Users/zachary.fisher/Desktop/zak-fisher/app/components/VisibleFeatureList.jsx":{"path":"/Users/zachary.fisher/Desktop/zak-fisher/app/components/VisibleFeatureList.jsx","s":{"1":1,"2":1,"3":1,"4":1,"5":1,"6":1,"7":1,"8":1,"9":1,"10":1,"11":1,"12":0,"13":0,"14":0,"15":0,"16":0,"17":0,"18":0,"19":1,"20":3,"21":3,"22":3,"23":33,"24":3,"25":0,"26":0,"27":0,"28":3,"29":0,"30":0,"31":0,"32":0,"33":1,"34":3,"35":1,"36":3,"37":1,"38":0,"39":3,"40":1,"41":1},"b":{"1":[1,0],"2":[1,1],"3":[1,0],"4":[1,1],"5":[0,0],"6":[0,0],"7":[3,0],"8":[0,0,3,0,0]},"f":{"1":1,"2":1,"3":3,"4":33,"5":0,"6":0,"7":0,"8":3,"9":3,"10":3,"11":0},"fnMap":{"1":{"name":"_interopRequireDefault","line":0,"loc":{"start":{"line":0,"column":0},"end":{"line":0,"column":0}},"skip":true},"2":{"name":"_interopRequireWildcard","line":0,"loc":{"start":{"line":0,"column":0},"end":{"line":0,"column":0}},"skip":true},"3":{"name":"getVisibleFeatures","line":5,"loc":{"start":{"line":5,"column":27},"end":{"line":5,"column":57}}},"4":{"name":"(anonymous_4)","line":10,"loc":{"start":{"line":10,"column":8},"end":{"line":null,"column":null}}},"5":{"name":"(anonymous_5)","line":20,"loc":{"start":{"line":20,"column":14},"end":{"line":null,"column":null}}},"6":{"name":"(anonymous_6)","line":24,"loc":{"start":{"line":24,"column":14},"end":{"line":null,"column":null}}},"7":{"name":"(anonymous_7)","line":28,"loc":{"start":{"line":28,"column":14},"end":{"line":null,"column":null}}},"8":{"name":"mapStateToProps","line":35,"loc":{"start":{"line":35,"column":24},"end":{"line":null,"column":null}}},"9":{"name":"mapDispatchToProps","line":41,"loc":{"start":{"line":41,"column":27},"end":{"line":null,"column":null}}},"10":{"name":"(anonymous_10)","line":0,"loc":{"start":{"line":0,"column":0},"end":{"line":0,"column":0}},"skip":true},"11":{"name":"onClickLikes","line":42,"loc":{"start":{"line":42,"column":17},"end":{"line":42,"column":24}}}},"statementMap":{"1":{"start":{"line":0,"column":0},"end":{"line":0,"column":0},"skip":true},"2":{"start":{"line":1,"column":0},"end":{"line":null,"column":null}},"3":{"start":{"line":2,"column":0},"end":{"line":null,"column":null}},"4":{"start":{"line":2,"column":12},"end":{"line":null,"column":null}},"5":{"start":{"line":3,"column":0},"end":{"line":null,"column":null}},"6":{"start":{"line":0,"column":0},"end":{"line":0,"column":0},"skip":true},"7":{"start":{"line":0,"column":0},"end":{"line":0,"column":0},"skip":true},"8":{"start":{"line":0,"column":0},"end":{"line":0,"column":0},"skip":true},"9":{"start":{"line":0,"column":0},"end":{"line":0,"column":0},"skip":true},"10":{"start":{"line":0,"column":0},"end":{"line":0,"column":0},"skip":true},"11":{"start":{"line":0,"column":0},"end":{"line":0,"column":0},"skip":true},"12":{"start":{"line":0,"column":0},"end":{"line":0,"column":0},"skip":true},"13":{"start":{"line":0,"column":0},"end":{"line":0,"column":0},"skip":true},"14":{"start":{"line":0,"column":0},"end":{"line":0,"column":0},"skip":true},"15":{"start":{"line":0,"column":0},"end":{"line":0,"column":0},"skip":true},"16":{"start":{"line":0,"column":0},"end":{"line":0,"column":0},"skip":true},"17":{"start":{"line":0,"column":0},"end":{"line":0,"column":0},"skip":true},"18":{"start":{"line":0,"column":0},"end":{"line":0,"column":0},"skip":true},"19":{"start":{"line":5,"column":0},"end":{"line":null,"column":null}},"20":{"start":{"line":6,"column":6},"end":{"line":null,"column":null}},"21":{"start":{"line":7,"column":6},"end":{"line":null,"column":null}},"22":{"start":{"line":8,"column":23},"end":{"line":null,"column":null}},"23":{"start":{"line":10,"column":13},"end":{"line":null,"column":null}},"24":{"start":{"line":15,"column":10},"end":{"line":null,"column":null}},"25":{"start":{"line":17,"column":11},"end":{"line":null,"column":null}},"26":{"start":{"line":19,"column":11},"end":{"line":null,"column":null}},"27":{"start":{"line":20,"column":19},"end":{"line":null,"column":null}},"28":{"start":{"line":23,"column":11},"end":{"line":null,"column":null}},"29":{"start":{"line":24,"column":19},"end":{"line":null,"column":null}},"30":{"start":{"line":27,"column":11},"end":{"line":null,"column":null}},"31":{"start":{"line":28,"column":19},"end":{"line":null,"column":null}},"32":{"start":{"line":31,"column":11},"end":{"line":null,"column":null}},"33":{"start":{"line":35,"column":0},"end":{"line":null,"column":null}},"34":{"start":{"line":35,"column":36},"end":{"line":null,"column":null}},"35":{"start":{"line":41,"column":0},"end":{"line":null,"column":null}},"36":{"start":{"line":41,"column":42},"end":{"line":null,"column":null}},"37":{"start":{"line":42,"column":17},"end":{"line":null,"column":null}},"38":{"start":{"line":43,"column":13},"end":{"line":null,"column":null}},"39":{"start":{"line":0,"column":0},"end":{"line":0,"column":0},"skip":true},"40":{"start":{"line":47,"column":0},"end":{"line":null,"column":null}},"41":{"start":{"line":52,"column":15},"end":{"line":null,"column":null}}},"branchMap":{"1":{"line":0,"type":"cond-expr","locations":[{"start":{"line":0,"column":0},"end":{"line":0,"column":0},"skip":true},{"start":{"line":0,"column":0},"end":{"line":0,"column":0},"skip":true}]},"2":{"line":0,"type":"binary-expr","locations":[{"start":{"line":0,"column":0},"end":{"line":0,"column":0},"skip":true},{"start":{"line":0,"column":0},"end":{"line":0,"column":0},"skip":true}]},"3":{"line":0,"type":"if","locations":[{"start":{"line":0,"column":0},"end":{"line":0,"column":0},"skip":true},{"start":{"line":0,"column":0},"end":{"line":0,"column":0},"skip":true}]},"4":{"line":0,"type":"binary-expr","locations":[{"start":{"line":0,"column":0},"end":{"line":0,"column":0},"skip":true},{"start":{"line":0,"column":0},"end":{"line":0,"column":0},"skip":true}]},"5":{"line":0,"type":"if","locations":[{"start":{"line":0,"column":0},"end":{"line":0,"column":0},"skip":true},{"start":{"line":0,"column":0},"end":{"line":0,"column":0},"skip":true}]},"6":{"line":0,"type":"if","locations":[{"start":{"line":0,"column":0},"end":{"line":0,"column":0},"skip":true},{"start":{"line":0,"column":0},"end":{"line":0,"column":0},"skip":true}]},"7":{"line":7,"type":"if","locations":[{"start":{"line":7,"column":6},"end":{"line":7,"column":6}},{"start":{"line":7,"column":6},"end":{"line":7,"column":6}}]},"8":{"line":16,"type":"switch","locations":[{"start":{"line":16,"column":7},"end":{"line":null,"column":null}},{"start":{"line":18,"column":7},"end":{"line":null,"column":null}},{"start":{"line":22,"column":7},"end":{"line":null,"column":null}},{"start":{"line":26,"column":7},"end":{"line":null,"column":null}},{"start":{"line":0,"column":0},"end":{"line":0,"column":0},"skip":true}]}}},"/Users/zachary.fisher/Desktop/zak-fisher/app/components/FeatureList.jsx":{"path":"/Users/zachary.fisher/Desktop/zak-fisher/app/components/FeatureList.jsx","s":{"1":1,"2":1,"3":1,"4":1,"5":1,"6":1,"7":1,"8":1,"9":3,"10":1,"11":3,"12":3,"13":3,"14":0,"15":1,"16":0,"17":0,"18":1,"19":1},"b":{"1":[2,1],"2":[3,3]},"f":{"1":3,"2":3,"3":0,"4":0,"5":0},"fnMap":{"1":{"name":"_interopRequireDefault","line":0,"loc":{"start":{"line":0,"column":0},"end":{"line":0,"column":0}},"skip":true},"2":{"name":"FeatureList","line":4,"loc":{"start":{"line":4,"column":20},"end":{"line":null,"column":null}}},"3":{"name":"(anonymous_3)","line":6,"loc":{"start":{"line":6,"column":18},"end":{"line":null,"column":null}}},"4":{"name":"(anonymous_4)","line":0,"loc":{"start":{"line":0,"column":0},"end":{"line":0,"column":0}},"skip":true},"5":{"name":"onClickLikes","line":0,"loc":{"start":{"line":0,"column":0},"end":{"line":0,"column":0}},"skip":true}},"statementMap":{"1":{"start":{"line":0,"column":0},"end":{"line":0,"column":0},"skip":true},"2":{"start":{"line":0,"column":0},"end":{"line":0,"column":0},"skip":true},"3":{"start":{"line":0,"column":0},"end":{"line":0,"column":0},"skip":true},"4":{"start":{"line":1,"column":0},"end":{"line":null,"column":null}},"5":{"start":{"line":0,"column":0},"end":{"line":0,"column":0},"skip":true},"6":{"start":{"line":2,"column":0},"end":{"line":null,"column":null}},"7":{"start":{"line":0,"column":0},"end":{"line":0,"column":0},"skip":true},"8":{"start":{"line":0,"column":0},"end":{"line":0,"column":0},"skip":true},"9":{"start":{"line":0,"column":0},"end":{"line":0,"column":0},"skip":true},"10":{"start":{"line":4,"column":0},"end":{"line":null,"column":null}},"11":{"start":{"line":4,"column":23},"end":{"line":null,"column":null}},"12":{"start":{"line":4,"column":33},"end":{"line":null,"column":null}},"13":{"start":{"line":5,"column":2},"end":{"line":null,"column":null}},"14":{"start":{"line":7,"column":6},"end":{"line":null,"column":null}},"15":{"start":{"line":0,"column":0},"end":{"line":0,"column":0},"skip":true},"16":{"start":{"line":10,"column":28},"end":{"line":null,"column":null}},"17":{"start":{"line":0,"column":0},"end":{"line":0,"column":0},"skip":true},"18":{"start":{"line":16,"column":0},"end":{"line":null,"column":null}},"19":{"start":{"line":27,"column":15},"end":{"line":null,"column":null}}},"branchMap":{"1":{"line":0,"type":"cond-expr","locations":[{"start":{"line":0,"column":0},"end":{"line":0,"column":0},"skip":true},{"start":{"line":0,"column":0},"end":{"line":0,"column":0},"skip":true}]},"2":{"line":0,"type":"binary-expr","locations":[{"start":{"line":0,"column":0},"end":{"line":0,"column":0},"skip":true},{"start":{"line":0,"column":0},"end":{"line":0,"column":0},"skip":true}]}}},"/Users/zachary.fisher/Desktop/zak-fisher/app/components/Feature.jsx":{"path":"/Users/zachary.fisher/Desktop/zak-fisher/app/components/Feature.jsx","s":{"1":1,"2":1,"3":1,"4":1,"5":1,"6":1,"7":1,"8":1,"9":1,"10":3,"11":1,"12":0,"13":0,"14":0,"15":0,"16":0,"17":0,"18":0,"19":0,"20":0,"21":0,"22":0,"23":0,"24":0,"25":0,"26":0,"27":0,"28":0,"29":1,"30":1},"b":{"1":[2,1],"2":[3,3],"3":[0,0,0,0],"4":[0,0]},"f":{"1":3,"2":0},"fnMap":{"1":{"name":"_interopRequireDefault","line":0,"loc":{"start":{"line":0,"column":0},"end":{"line":0,"column":0}},"skip":true},"2":{"name":"Feature","line":6,"loc":{"start":{"line":6,"column":16},"end":{"line":7,"column":30}}}},"statementMap":{"1":{"start":{"line":0,"column":0},"end":{"line":0,"column":0},"skip":true},"2":{"start":{"line":1,"column":0},"end":{"line":null,"column":null}},"3":{"start":{"line":0,"column":0},"end":{"line":0,"column":0},"skip":true},"4":{"start":{"line":2,"column":0},"end":{"line":null,"column":null}},"5":{"start":{"line":0,"column":0},"end":{"line":0,"column":0},"skip":true},"6":{"start":{"line":3,"column":0},"end":{"line":null,"column":null}},"7":{"start":{"line":0,"column":0},"end":{"line":0,"column":0},"skip":true},"8":{"start":{"line":4,"column":0},"end":{"line":null,"column":null}},"9":{"start":{"line":0,"column":0},"end":{"line":0,"column":0},"skip":true},"10":{"start":{"line":0,"column":0},"end":{"line":0,"column":0},"skip":true},"11":{"start":{"line":6,"column":0},"end":{"line":null,"column":null}},"12":{"start":{"line":6,"column":19},"end":{"line":null,"column":null}},"13":{"start":{"line":6,"column":33},"end":{"line":null,"column":null}},"14":{"start":{"line":6,"column":40},"end":{"line":null,"column":null}},"15":{"start":{"line":7,"column":2},"end":{"line":null,"column":null}},"16":{"start":{"line":7,"column":12},"end":{"line":null,"column":null}},"17":{"start":{"line":7,"column":19},"end":{"line":null,"column":null}},"18":{"start":{"line":8,"column":6},"end":{"line":null,"column":null}},"19":{"start":{"line":9,"column":10},"end":{"line":null,"column":null}},"20":{"start":{"line":12,"column":6},"end":{"line":null,"column":null}},"21":{"start":{"line":0,"column":0},"end":{"line":0,"column":0},"skip":true},"22":{"start":{"line":19,"column":6},"end":{"line":null,"column":null}},"23":{"start":{"line":0,"column":0},"end":{"line":0,"column":0},"skip":true},"24":{"start":{"line":26,"column":6},"end":{"line":null,"column":null}},"25":{"start":{"line":0,"column":0},"end":{"line":0,"column":0},"skip":true},"26":{"start":{"line":32,"column":21},"end":{"line":null,"column":null}},"27":{"start":{"line":35,"column":8},"end":{"line":null,"column":null}},"28":{"start":{"line":39,"column":4},"end":{"line":null,"column":null}},"29":{"start":{"line":62,"column":0},"end":{"line":null,"column":null}},"30":{"start":{"line":71,"column":15},"end":{"line":null,"column":null}}},"branchMap":{"1":{"line":0,"type":"cond-expr","locations":[{"start":{"line":0,"column":0},"end":{"line":0,"column":0},"skip":true},{"start":{"line":0,"column":0},"end":{"line":0,"column":0},"skip":true}]},"2":{"line":0,"type":"binary-expr","locations":[{"start":{"line":0,"column":0},"end":{"line":0,"column":0},"skip":true},{"start":{"line":0,"column":0},"end":{"line":0,"column":0},"skip":true}]},"3":{"line":10,"type":"switch","locations":[{"start":{"line":10,"column":7},"end":{"line":null,"column":null}},{"start":{"line":17,"column":7},"end":{"line":null,"column":null}},{"start":{"line":24,"column":7},"end":{"line":null,"column":null}},{"start":{"line":0,"column":0},"end":{"line":0,"column":0},"skip":true}]},"4":{"line":36,"type":"cond-expr","locations":[{"start":{"line":36,"column":6},"end":{"line":35,"column":27}},{"start":{"line":36,"column":33},"end":{"line":35,"column":2}}]}}},"/Users/zachary.fisher/Desktop/zak-fisher/app/components/IconText.jsx":{"path":"/Users/zachary.fisher/Desktop/zak-fisher/app/components/IconText.jsx","s":{"1":1,"2":1,"3":1,"4":1,"5":1,"6":1,"7":1,"8":1,"9":3,"10":1,"11":0,"12":0,"13":0,"14":0,"15":0,"16":0,"17":0,"18":0,"19":0,"20":0,"21":0,"22":0,"23":0,"24":0,"25":0,"26":0,"27":0,"28":0,"29":0,"30":0,"31":0,"32":0,"33":0,"34":0,"35":1,"36":1,"37":1},"b":{"1":[2,1],"2":[3,3],"3":[0,0],"4":[0,0],"5":[0,0],"6":[0,0],"7":[0,0],"8":[0,0],"9":[0,0],"10":[0,0],"11":[0,0]},"f":{"1":3,"2":0},"fnMap":{"1":{"name":"_interopRequireDefault","line":0,"loc":{"start":{"line":0,"column":0},"end":{"line":0,"column":0}},"skip":true},"2":{"name":"IconText","line":3,"loc":{"start":{"line":3,"column":17},"end":{"line":3,"column":28}}}},"statementMap":{"1":{"start":{"line":0,"column":0},"end":{"line":0,"column":0},"skip":true},"2":{"start":{"line":0,"column":0},"end":{"line":0,"column":0},"skip":true},"3":{"start":{"line":0,"column":0},"end":{"line":0,"column":0},"skip":true},"4":{"start":{"line":0,"column":0},"end":{"line":0,"column":0},"skip":true},"5":{"start":{"line":0,"column":0},"end":{"line":0,"column":0},"skip":true},"6":{"start":{"line":1,"column":0},"end":{"line":null,"column":null}},"7":{"start":{"line":0,"column":0},"end":{"line":0,"column":0},"skip":true},"8":{"start":{"line":0,"column":0},"end":{"line":0,"column":0},"skip":true},"9":{"start":{"line":0,"column":0},"end":{"line":0,"column":0},"skip":true},"10":{"start":{"line":3,"column":0},"end":{"line":null,"column":null}},"11":{"start":{"line":5,"column":4},"end":{"line":null,"column":null}},"12":{"start":{"line":5,"column":10},"end":{"line":null,"column":null}},"13":{"start":{"line":5,"column":16},"end":{"line":null,"column":null}},"14":{"start":{"line":5,"column":22},"end":{"line":null,"column":null}},"15":{"start":{"line":6,"column":4},"end":{"line":null,"column":null}},"16":{"start":{"line":6,"column":10},"end":{"line":null,"column":null}},"17":{"start":{"line":6,"column":19},"end":{"line":null,"column":null}},"18":{"start":{"line":6,"column":25},"end":{"line":null,"column":null}},"19":{"start":{"line":7,"column":4},"end":{"line":null,"column":null}},"20":{"start":{"line":7,"column":15},"end":{"line":null,"column":null}},"21":{"start":{"line":9,"column":6},"end":{"line":null,"column":null}},"22":{"start":{"line":11,"column":15},"end":{"line":null,"column":null}},"23":{"start":{"line":12,"column":15},"end":{"line":null,"column":null}},"24":{"start":{"line":13,"column":15},"end":{"line":null,"column":null}},"25":{"start":{"line":14,"column":15},"end":{"line":null,"column":null}},"26":{"start":{"line":16,"column":8},"end":{"line":null,"column":null}},"27":{"start":{"line":18,"column":6},"end":{"line":null,"column":null}},"28":{"start":{"line":20,"column":6},"end":{"line":null,"column":null}},"29":{"start":{"line":22,"column":6},"end":{"line":null,"column":null}},"30":{"start":{"line":27,"column":6},"end":{"line":null,"column":null}},"31":{"start":{"line":29,"column":6},"end":{"line":null,"column":null}},"32":{"start":{"line":41,"column":6},"end":{"line":null,"column":null}},"33":{"start":{"line":43,"column":6},"end":{"line":null,"column":null}},"34":{"start":{"line":50,"column":10},"end":{"line":null,"column":null}},"35":{"start":{"line":53,"column":0},"end":{"line":null,"column":null}},"36":{"start":{"line":65,"column":0},"end":{"line":null,"column":null}},"37":{"start":{"line":77,"column":15},"end":{"line":null,"column":null}}},"branchMap":{"1":{"line":0,"type":"cond-expr","locations":[{"start":{"line":0,"column":0},"end":{"line":0,"column":0},"skip":true},{"start":{"line":0,"column":0},"end":{"line":0,"column":0},"skip":true}]},"2":{"line":0,"type":"binary-expr","locations":[{"start":{"line":0,"column":0},"end":{"line":0,"column":0},"skip":true},{"start":{"line":0,"column":0},"end":{"line":0,"column":0},"skip":true}]},"3":{"line":11,"type":"cond-expr","locations":[{"start":{"line":11,"column":29},"end":{"line":11,"column":38}},{"start":{"line":11,"column":38},"end":{"line":11,"column":2}}]},"4":{"line":12,"type":"cond-expr","locations":[{"start":{"line":12,"column":38},"end":{"line":12,"column":49}},{"start":{"line":12,"column":49},"end":{"line":12,"column":2}}]},"5":{"line":13,"type":"cond-expr","locations":[{"start":{"line":13,"column":34},"end":{"line":13,"column":43}},{"start":{"line":13,"column":43},"end":{"line":13,"column":2}}]},"6":{"line":14,"type":"cond-expr","locations":[{"start":{"line":14,"column":25},"end":{"line":14,"column":15}},{"start":{"line":14,"column":41},"end":{"line":14,"column":2}}]},"7":{"line":20,"type":"if","locations":[{"start":{"line":20,"column":6},"end":{"line":20,"column":6}},{"start":{"line":20,"column":6},"end":{"line":20,"column":6}}]},"8":{"line":27,"type":"if","locations":[{"start":{"line":27,"column":6},"end":{"line":27,"column":6}},{"start":{"line":27,"column":6},"end":{"line":27,"column":6}}]},"9":{"line":33,"type":"cond-expr","locations":[{"start":{"line":33,"column":14},"end":{"line":32,"column":22}},{"start":{"line":34,"column":14},"end":{"line":32,"column":8}}]},"10":{"line":41,"type":"if","locations":[{"start":{"line":41,"column":6},"end":{"line":41,"column":6}},{"start":{"line":41,"column":6},"end":{"line":41,"column":6}}]},"11":{"line":41,"type":"binary-expr","locations":[{"start":{"line":41,"column":6},"end":{"line":41,"column":6}},{"start":{"line":41,"column":15},"end":{"line":41,"column":2}}]}}},"/Users/zachary.fisher/Desktop/zak-fisher/app/components/FilterCategoryButton.jsx":{"path":"/Users/zachary.fisher/Desktop/zak-fisher/app/components/FilterCategoryButton.jsx","s":{"1":1,"2":1,"3":1,"4":1,"5":1,"6":1,"7":1,"8":1,"9":12,"10":1,"11":12,"12":1,"13":0,"14":12,"15":1,"16":1},"b":{"1":[1,0],"2":[1,1]},"f":{"1":1,"2":12,"3":12,"4":12,"5":0},"fnMap":{"1":{"name":"_interopRequireDefault","line":0,"loc":{"start":{"line":0,"column":0},"end":{"line":0,"column":0}},"skip":true},"2":{"name":"mapStateToProps","line":5,"loc":{"start":{"line":5,"column":24},"end":{"line":null,"column":null}}},"3":{"name":"mapDispatchToProps","line":10,"loc":{"start":{"line":10,"column":27},"end":{"line":null,"column":null}}},"4":{"name":"(anonymous_4)","line":0,"loc":{"start":{"line":0,"column":0},"end":{"line":0,"column":0}},"skip":true},"5":{"name":"onClick","line":11,"loc":{"start":{"line":11,"column":17},"end":{"line":11,"column":17}}}},"statementMap":{"1":{"start":{"line":0,"column":0},"end":{"line":0,"column":0},"skip":true},"2":{"start":{"line":1,"column":0},"end":{"line":null,"column":null}},"3":{"start":{"line":2,"column":0},"end":{"line":null,"column":null}},"4":{"start":{"line":3,"column":0},"end":{"line":null,"column":null}},"5":{"start":{"line":0,"column":0},"end":{"line":0,"column":0},"skip":true},"6":{"start":{"line":0,"column":0},"end":{"line":0,"column":0},"skip":true},"7":{"start":{"line":0,"column":0},"end":{"line":0,"column":0},"skip":true},"8":{"start":{"line":5,"column":0},"end":{"line":null,"column":null}},"9":{"start":{"line":5,"column":46},"end":{"line":null,"column":null}},"10":{"start":{"line":10,"column":0},"end":{"line":null,"column":null}},"11":{"start":{"line":10,"column":52},"end":{"line":null,"column":null}},"12":{"start":{"line":11,"column":17},"end":{"line":null,"column":null}},"13":{"start":{"line":12,"column":13},"end":{"line":null,"column":null}},"14":{"start":{"line":0,"column":0},"end":{"line":0,"column":0},"skip":true},"15":{"start":{"line":16,"column":0},"end":{"line":null,"column":null}},"16":{"start":{"line":21,"column":15},"end":{"line":null,"column":null}}},"branchMap":{"1":{"line":0,"type":"cond-expr","locations":[{"start":{"line":0,"column":0},"end":{"line":0,"column":0},"skip":true},{"start":{"line":0,"column":0},"end":{"line":0,"column":0},"skip":true}]},"2":{"line":0,"type":"binary-expr","locations":[{"start":{"line":0,"column":0},"end":{"line":0,"column":0},"skip":true},{"start":{"line":0,"column":0},"end":{"line":0,"column":0},"skip":true}]}}},"/Users/zachary.fisher/Desktop/zak-fisher/app/components/CategoryButton.jsx":{"path":"/Users/zachary.fisher/Desktop/zak-fisher/app/components/CategoryButton.jsx","s":{"1":1,"2":1,"3":1,"4":1,"5":1,"6":1,"7":1,"8":2,"9":1,"10":12,"11":12,"12":12,"13":12,"14":12,"15":12,"16":3,"17":3,"18":3,"19":3,"20":3,"21":3,"22":3,"23":3,"24":3,"25":3,"26":3,"27":12,"28":3,"29":9,"30":1,"31":0,"32":0,"33":9,"34":1,"35":1},"b":{"1":[1,1],"2":[2,2],"3":[3,3,3,3],"4":[3,9]},"f":{"1":2,"2":12,"3":9,"4":0},"fnMap":{"1":{"name":"_interopRequireDefault","line":0,"loc":{"start":{"line":0,"column":0},"end":{"line":0,"column":0}},"skip":true},"2":{"name":"CategoryButton","line":5,"loc":{"start":{"line":5,"column":23},"end":{"line":5,"column":58}}},"3":{"name":"(anonymous_3)","line":0,"loc":{"start":{"line":0,"column":0},"end":{"line":0,"column":0}},"skip":true},"4":{"name":"onClick","line":35,"loc":{"start":{"line":35,"column":20},"end":{"line":35,"column":20}}}},"statementMap":{"1":{"start":{"line":0,"column":0},"end":{"line":0,"column":0},"skip":true},"2":{"start":{"line":1,"column":0},"end":{"line":null,"column":null}},"3":{"start":{"line":0,"column":0},"end":{"line":0,"column":0},"skip":true},"4":{"start":{"line":2,"column":0},"end":{"line":null,"column":null}},"5":{"start":{"line":3,"column":0},"end":{"line":null,"column":null}},"6":{"start":{"line":0,"column":0},"end":{"line":0,"column":0},"skip":true},"7":{"start":{"line":0,"column":0},"end":{"line":0,"column":0},"skip":true},"8":{"start":{"line":0,"column":0},"end":{"line":0,"column":0},"skip":true},"9":{"start":{"line":5,"column":0},"end":{"line":null,"column":null}},"10":{"start":{"line":5,"column":26},"end":{"line":null,"column":null}},"11":{"start":{"line":5,"column":36},"end":{"line":null,"column":null}},"12":{"start":{"line":5,"column":44},"end":{"line":null,"column":null}},"13":{"start":{"line":6,"column":6},"end":{"line":null,"column":null}},"14":{"start":{"line":7,"column":6},"end":{"line":null,"column":null}},"15":{"start":{"line":9,"column":10},"end":{"line":null,"column":null}},"16":{"start":{"line":11,"column":20},"end":{"line":null,"column":null}},"17":{"start":{"line":12,"column":19},"end":{"line":null,"column":null}},"18":{"start":{"line":0,"column":0},"end":{"line":0,"column":0},"skip":true},"19":{"start":{"line":15,"column":20},"end":{"line":null,"column":null}},"20":{"start":{"line":16,"column":19},"end":{"line":null,"column":null}},"21":{"start":{"line":0,"column":0},"end":{"line":0,"column":0},"skip":true},"22":{"start":{"line":19,"column":20},"end":{"line":null,"column":null}},"23":{"start":{"line":20,"column":19},"end":{"line":null,"column":null}},"24":{"start":{"line":0,"column":0},"end":{"line":0,"column":0},"skip":true},"25":{"start":{"line":23,"column":20},"end":{"line":null,"column":null}},"26":{"start":{"line":24,"column":19},"end":{"line":null,"column":null}},"27":{"start":{"line":26,"column":6},"end":{"line":null,"column":null}},"28":{"start":{"line":28,"column":6},"end":{"line":null,"column":null}},"29":{"start":{"line":33,"column":4},"end":{"line":null,"column":null}},"30":{"start":{"line":35,"column":20},"end":{"line":null,"column":null}},"31":{"start":{"line":36,"column":10},"end":{"line":null,"column":null}},"32":{"start":{"line":0,"column":0},"end":{"line":0,"column":0},"skip":true},"33":{"start":{"line":0,"column":0},"end":{"line":0,"column":0},"skip":true},"34":{"start":{"line":42,"column":0},"end":{"line":null,"column":null}},"35":{"start":{"line":48,"column":15},"end":{"line":null,"column":null}}},"branchMap":{"1":{"line":0,"type":"cond-expr","locations":[{"start":{"line":0,"column":0},"end":{"line":0,"column":0},"skip":true},{"start":{"line":0,"column":0},"end":{"line":0,"column":0},"skip":true}]},"2":{"line":0,"type":"binary-expr","locations":[{"start":{"line":0,"column":0},"end":{"line":0,"column":0},"skip":true},{"start":{"line":0,"column":0},"end":{"line":0,"column":0},"skip":true}]},"3":{"line":10,"type":"switch","locations":[{"start":{"line":10,"column":7},"end":{"line":null,"column":null}},{"start":{"line":14,"column":7},"end":{"line":null,"column":null}},{"start":{"line":18,"column":7},"end":{"line":null,"column":null}},{"start":{"line":0,"column":0},"end":{"line":0,"column":0},"skip":true}]},"4":{"line":26,"type":"if","locations":[{"start":{"line":26,"column":6},"end":{"line":26,"column":6}},{"start":{"line":26,"column":6},"end":{"line":26,"column":6}}]}}},"/Users/zachary.fisher/Desktop/zak-fisher/app/components/Button.jsx":{"path":"/Users/zachary.fisher/Desktop/zak-fisher/app/components/Button.jsx","s":{"1":1,"2":1,"3":1,"4":1,"5":1,"6":1,"7":2,"8":1,"9":12,"10":12,"11":12,"12":12,"13":1,"14":1},"b":{"1":[1,1],"2":[2,2],"3":[12,0],"4":[0,12],"5":[12,0]},"f":{"1":2,"2":12},"fnMap":{"1":{"name":"_interopRequireDefault","line":0,"loc":{"start":{"line":0,"column":0},"end":{"line":0,"column":0}},"skip":true},"2":{"name":"Button","line":3,"loc":{"start":{"line":3,"column":15},"end":{"line":3,"column":26}}}},"statementMap":{"1":{"start":{"line":0,"column":0},"end":{"line":0,"column":0},"skip":true},"2":{"start":{"line":0,"column":0},"end":{"line":0,"column":0},"skip":true},"3":{"start":{"line":0,"column":0},"end":{"line":0,"column":0},"skip":true},"4":{"start":{"line":1,"column":0},"end":{"line":null,"column":null}},"5":{"start":{"line":0,"column":0},"end":{"line":0,"column":0},"skip":true},"6":{"start":{"line":0,"column":0},"end":{"line":0,"column":0},"skip":true},"7":{"start":{"line":0,"column":0},"end":{"line":0,"column":0},"skip":true},"8":{"start":{"line":3,"column":0},"end":{"line":null,"column":null}},"9":{"start":{"line":4,"column":8},"end":{"line":null,"column":null}},"10":{"start":{"line":12,"column":6},"end":{"line":null,"column":null}},"11":{"start":{"line":17,"column":16},"end":{"line":null,"column":null}},"12":{"start":{"line":22,"column":4},"end":{"line":null,"column":null}},"13":{"start":{"line":28,"column":0},"end":{"line":null,"column":null}},"14":{"start":{"line":36,"column":15},"end":{"line":null,"column":null}}},"branchMap":{"1":{"line":0,"type":"cond-expr","locations":[{"start":{"line":0,"column":0},"end":{"line":0,"column":0},"skip":true},{"start":{"line":0,"column":0},"end":{"line":0,"column":0},"skip":true}]},"2":{"line":0,"type":"binary-expr","locations":[{"start":{"line":0,"column":0},"end":{"line":0,"column":0},"skip":true},{"start":{"line":0,"column":0},"end":{"line":0,"column":0},"skip":true}]},"3":{"line":5,"type":"cond-expr","locations":[{"start":{"line":5,"column":6},"end":{"line":4,"column":22}},{"start":{"line":10,"column":6},"end":{"line":4,"column":2}}]},"4":{"line":13,"type":"cond-expr","locations":[{"start":{"line":13,"column":24},"end":{"line":14,"column":24}},{"start":{"line":14,"column":24},"end":{"line":12,"column":2}}]},"5":{"line":18,"type":"cond-expr","locations":[{"start":{"line":18,"column":9},"end":{"line":19,"column":6}},{"start":{"line":19,"column":6},"end":{"line":17,"column":2}}]}}},"/Users/zachary.fisher/Desktop/zak-fisher/app/fixtures/roadmap/hydrate.js":{"path":"/Users/zachary.fisher/Desktop/zak-fisher/app/fixtures/roadmap/hydrate.js","s":{"1":1,"2":1,"3":1,"4":1,"5":1,"6":1,"7":1,"8":1,"9":1,"10":1,"11":0,"12":0,"13":0,"14":0,"15":0,"16":0,"17":0,"18":1,"19":2,"20":1,"21":1,"22":11,"23":1},"b":{"1":[1,0],"2":[1,1],"3":[0,0],"4":[0,0],"5":[2,0],"6":[2,2]},"f":{"1":1,"2":2,"3":1},"fnMap":{"1":{"name":"_interopRequireWildcard","line":0,"loc":{"start":{"line":0,"column":0},"end":{"line":0,"column":0}},"skip":true},"2":{"name":"_interopRequireDefault","line":0,"loc":{"start":{"line":0,"column":0},"end":{"line":0,"column":0}},"skip":true},"3":{"name":"roadmapHydrate","line":5,"loc":{"start":{"line":5,"column":23},"end":{"line":5,"column":29}}}},"statementMap":{"1":{"start":{"line":0,"column":0},"end":{"line":0,"column":0},"skip":true},"2":{"start":{"line":1,"column":0},"end":{"line":null,"column":null}},"3":{"start":{"line":0,"column":0},"end":{"line":0,"column":0},"skip":true},"4":{"start":{"line":2,"column":0},"end":{"line":null,"column":null}},"5":{"start":{"line":2,"column":12},"end":{"line":null,"column":null}},"6":{"start":{"line":3,"column":0},"end":{"line":null,"column":null}},"7":{"start":{"line":0,"column":0},"end":{"line":0,"column":0},"skip":true},"8":{"start":{"line":0,"column":0},"end":{"line":0,"column":0},"skip":true},"9":{"start":{"line":0,"column":0},"end":{"line":0,"column":0},"skip":true},"10":{"start":{"line":0,"column":0},"end":{"line":0,"column":0},"skip":true},"11":{"start":{"line":0,"column":0},"end":{"line":0,"column":0},"skip":true},"12":{"start":{"line":0,"column":0},"end":{"line":0,"column":0},"skip":true},"13":{"start":{"line":0,"column":0},"end":{"line":0,"column":0},"skip":true},"14":{"start":{"line":0,"column":0},"end":{"line":0,"column":0},"skip":true},"15":{"start":{"line":0,"column":0},"end":{"line":0,"column":0},"skip":true},"16":{"start":{"line":0,"column":0},"end":{"line":0,"column":0},"skip":true},"17":{"start":{"line":0,"column":0},"end":{"line":0,"column":0},"skip":true},"18":{"start":{"line":0,"column":0},"end":{"line":0,"column":0},"skip":true},"19":{"start":{"line":0,"column":0},"end":{"line":0,"column":0},"skip":true},"20":{"start":{"line":5,"column":0},"end":{"line":null,"column":null}},"21":{"start":{"line":6,"column":7},"end":{"line":null,"column":null}},"22":{"start":{"line":7,"column":10},"end":{"line":null,"column":null}},"23":{"start":{"line":19,"column":15},"end":{"line":null,"column":null}}},"branchMap":{"1":{"line":0,"type":"if","locations":[{"start":{"line":0,"column":0},"end":{"line":0,"column":0},"skip":true},{"start":{"line":0,"column":0},"end":{"line":0,"column":0},"skip":true}]},"2":{"line":0,"type":"binary-expr","locations":[{"start":{"line":0,"column":0},"end":{"line":0,"column":0},"skip":true},{"start":{"line":0,"column":0},"end":{"line":0,"column":0},"skip":true}]},"3":{"line":0,"type":"if","locations":[{"start":{"line":0,"column":0},"end":{"line":0,"column":0},"skip":true},{"start":{"line":0,"column":0},"end":{"line":0,"column":0},"skip":true}]},"4":{"line":0,"type":"if","locations":[{"start":{"line":0,"column":0},"end":{"line":0,"column":0},"skip":true},{"start":{"line":0,"column":0},"end":{"line":0,"column":0},"skip":true}]},"5":{"line":0,"type":"cond-expr","locations":[{"start":{"line":0,"column":0},"end":{"line":0,"column":0},"skip":true},{"start":{"line":0,"column":0},"end":{"line":0,"column":0},"skip":true}]},"6":{"line":0,"type":"binary-expr","locations":[{"start":{"line":0,"column":0},"end":{"line":0,"column":0},"skip":true},{"start":{"line":0,"column":0},"end":{"line":0,"column":0},"skip":true}]}}},"/Users/zachary.fisher/Desktop/zak-fisher/app/fixtures/roadmap/features.js":{"path":"/Users/zachary.fisher/Desktop/zak-fisher/app/fixtures/roadmap/features.js","s":{"1":1,"2":1,"3":1,"4":1,"5":1,"6":1,"7":0,"8":0,"9":0,"10":0,"11":0,"12":0,"13":0,"14":1,"15":1},"b":{"1":[1,0],"2":[1,1],"3":[0,0],"4":[0,0]},"f":{"1":1},"fnMap":{"1":{"name":"_interopRequireWildcard","line":0,"loc":{"start":{"line":0,"column":0},"end":{"line":0,"column":0}},"skip":true}},"statementMap":{"1":{"start":{"line":0,"column":0},"end":{"line":0,"column":0},"skip":true},"2":{"start":{"line":1,"column":0},"end":{"line":null,"column":null}},"3":{"start":{"line":1,"column":12},"end":{"line":null,"column":null}},"4":{"start":{"line":0,"column":0},"end":{"line":0,"column":0},"skip":true},"5":{"start":{"line":0,"column":0},"end":{"line":0,"column":0},"skip":true},"6":{"start":{"line":0,"column":0},"end":{"line":0,"column":0},"skip":true},"7":{"start":{"line":0,"column":0},"end":{"line":0,"column":0},"skip":true},"8":{"start":{"line":0,"column":0},"end":{"line":0,"column":0},"skip":true},"9":{"start":{"line":0,"column":0},"end":{"line":0,"column":0},"skip":true},"10":{"start":{"line":0,"column":0},"end":{"line":0,"column":0},"skip":true},"11":{"start":{"line":0,"column":0},"end":{"line":0,"column":0},"skip":true},"12":{"start":{"line":0,"column":0},"end":{"line":0,"column":0},"skip":true},"13":{"start":{"line":0,"column":0},"end":{"line":0,"column":0},"skip":true},"14":{"start":{"line":3,"column":0},"end":{"line":null,"column":null}},"15":{"start":{"line":98,"column":15},"end":{"line":null,"column":null}}},"branchMap":{"1":{"line":0,"type":"if","locations":[{"start":{"line":0,"column":0},"end":{"line":0,"column":0},"skip":true},{"start":{"line":0,"column":0},"end":{"line":0,"column":0},"skip":true}]},"2":{"line":0,"type":"binary-expr","locations":[{"start":{"line":0,"column":0},"end":{"line":0,"column":0},"skip":true},{"start":{"line":0,"column":0},"end":{"line":0,"column":0},"skip":true}]},"3":{"line":0,"type":"if","locations":[{"start":{"line":0,"column":0},"end":{"line":0,"column":0},"skip":true},{"start":{"line":0,"column":0},"end":{"line":0,"column":0},"skip":true}]},"4":{"line":0,"type":"if","locations":[{"start":{"line":0,"column":0},"end":{"line":0,"column":0},"skip":true},{"start":{"line":0,"column":0},"end":{"line":0,"column":0},"skip":true}]}}}}