TN:
SF:/Users/zachary.fisher/Desktop/zak-fisher/app/components/Workflow.jsx
FN:20,Workflow
FN:30,cycleSequence
FN:42,cycleScenario
FN:61,render
FNF:4
FNH:4
FNDA:6,Workflow
FNDA:2,cycleSequence
FNDA:1,cycleScenario
FNDA:10,render
DA:1,1
DA:3,1
DA:10,1
DA:20,1
DA:21,6
DA:22,6
DA:23,6
DA:24,6
DA:30,1
DA:31,2
DA:36,2
DA:42,1
DA:43,1
DA:44,1
DA:45,1
DA:46,1
DA:47,10
DA:49,1
DA:50,1
DA:54,1
DA:55,4
DA:56,1
DA:61,1
DA:62,10
DA:63,10
DA:66,10
LF:26
LH:26
BRDA:21,3,0,6
BRDA:21,3,1,0
BRDA:33,4,0,0
BRDA:33,4,1,2
BRDA:47,5,0,4
BRDA:47,5,1,6
BRDA:52,6,0,0
BRDA:52,6,1,1
BRDA:55,7,0,1
BRDA:55,7,1,3
BRDA:72,8,0,3
BRDA:72,8,1,7
BRF:12
BRH:9
end_of_record
TN:
SF:/Users/zachary.fisher/Desktop/zak-fisher/app/store/roadmap.js
FNF:0
FNH:0
DA:1,1
DA:2,1
DA:4,1
DA:5,1
DA:6,0
DA:9,1
DA:13,1
DA:14,1
LF:8
LH:7
BRDA:5,3,0,0
BRDA:5,3,1,1
BRDA:10,4,0,1
BRDA:10,4,1,0
BRF:4
BRH:2
end_of_record
TN:
SF:/Users/zachary.fisher/Desktop/zak-fisher/app/reducers/roadmapApp.js
FNF:0
FNH:0
DA:1,1
DA:2,1
DA:4,1
DA:5,1
LF:4
LH:4
BRF:0
BRH:0
end_of_record
TN:
SF:/Users/zachary.fisher/Desktop/zak-fisher/app/reducers/roadmap.js
FN:3,categoryFilter
FN:12,searchText
FN:21,features
FN:24,(anonymous_6)
FNF:4
FNH:4
FNDA:18,categoryFilter
FNDA:18,searchText
FNDA:18,features
FNDA:22,(anonymous_6)
DA:1,1
DA:3,18
DA:4,18
DA:6,1
DA:8,17
DA:12,18
DA:13,18
DA:15,1
DA:17,17
DA:21,18
DA:22,18
DA:24,2
DA:25,22
DA:26,0
DA:28,22
DA:31,11
DA:40,5
LF:17
LH:16
BRDA:3,7,0,15
BRDA:3,7,1,3
BRDA:3,8,0,18
BRDA:3,8,1,18
BRDA:5,9,0,1
BRDA:5,9,1,17
BRDA:12,10,0,15
BRDA:12,10,1,3
BRDA:12,11,0,18
BRDA:12,11,1,18
BRDA:14,12,0,1
BRDA:14,12,1,17
BRDA:21,13,0,15
BRDA:21,13,1,3
BRDA:21,14,0,18
BRDA:21,14,1,18
BRDA:23,15,0,2
BRDA:23,15,1,11
BRDA:23,15,2,5
BRDA:25,16,0,0
BRDA:25,16,1,22
BRF:21
BRH:20
end_of_record
TN:
SF:/Users/zachary.fisher/Desktop/zak-fisher/app/actions/roadmap.js
FN:30,addFeature
FN:43,setCategoryFilter
FN:47,setSearchText
FN:51,likeFeature
FNF:4
FNH:4
FNDA:11,addFeature
FNDA:1,setCategoryFilter
FNDA:1,setSearchText
FNDA:2,likeFeature
DA:5,1
DA:6,1
DA:7,1
DA:8,1
DA:13,1
DA:20,1
DA:30,1
DA:32,11
DA:43,1
DA:44,1
DA:47,1
DA:48,1
DA:51,1
DA:52,2
LF:14
LH:14
BRF:0
BRH:0
end_of_record
TN:
SF:/Users/zachary.fisher/Desktop/zak-fisher/app/components/Roadmap.jsx
FN:11,Roadmap
FNF:1
FNH:1
FNDA:4,Roadmap
DA:1,1
DA:3,1
DA:4,1
DA:6,1
DA:7,1
DA:8,1
DA:11,1
DA:12,4
DA:31,1
LF:9
LH:9
BRF:0
BRH:0
end_of_record
TN:
SF:/Users/zachary.fisher/Desktop/zak-fisher/app/components/Card.jsx
FN:3,Card
FNF:1
FNH:1
FNDA:9,Card
DA:1,1
DA:3,1
DA:4,9
DA:5,9
DA:9,9
DA:15,1
DA:22,1
DA:29,1
LF:8
LH:8
BRDA:4,3,0,9
BRDA:4,3,1,0
BRDA:6,4,0,3
BRDA:6,4,1,6
BRF:4
BRH:3
end_of_record
TN:
SF:/Users/zachary.fisher/Desktop/zak-fisher/app/components/SearchFeature.jsx
FN:8,SearchFeature
FN:12,onChange
FNF:2
FNH:1
FNDA:3,SearchFeature
FNDA:0,onChange
DA:1,1
DA:2,1
DA:3,1
DA:4,1
DA:5,1
DA:6,1
DA:8,3
DA:12,1
DA:13,0
DA:14,0
DA:19,1
DA:22,1
DA:24,1
LF:13
LH:11
BRF:0
BRH:0
end_of_record
TN:
SF:/Users/zachary.fisher/Desktop/zak-fisher/app/components/Input.jsx
FN:3,Input
FNF:1
FNH:1
FNDA:3,Input
DA:1,1
DA:3,1
DA:4,3
DA:13,1
DA:18,1
LF:5
LH:5
BRDA:7,3,0,3
BRDA:7,3,1,0
BRF:2
BRH:1
end_of_record
TN:
SF:/Users/zachary.fisher/Desktop/zak-fisher/app/components/InputLabel.jsx
FN:3,InputLabel
FNF:1
FNH:1
FNDA:3,InputLabel
DA:1,1
DA:3,1
DA:4,3
DA:5,3
DA:7,0
DA:14,3
DA:15,3
DA:18,3
DA:20,0
DA:24,3
DA:29,3
DA:35,1
DA:41,1
LF:13
LH:11
BRDA:5,3,0,0
BRDA:5,3,1,3
BRDA:5,4,0,3
BRDA:5,4,1,0
BRDA:14,5,0,3
BRDA:14,5,1,0
BRDA:14,6,0,3
BRDA:14,6,1,3
BRDA:18,7,0,0
BRDA:18,7,1,3
BRDA:18,8,0,3
BRDA:18,8,1,0
BRDA:25,9,0,0
BRDA:25,9,1,3
BRF:14
BRH:8
end_of_record
TN:
SF:/Users/zachary.fisher/Desktop/zak-fisher/app/components/InputField.jsx
FN:3,InputField
FNF:1
FNH:1
FNDA:3,InputField
DA:1,1
DA:3,1
DA:4,3
DA:13,1
DA:18,1
LF:5
LH:5
BRDA:7,3,0,0
BRDA:7,3,1,3
BRF:2
BRH:1
end_of_record
TN:
SF:/Users/zachary.fisher/Desktop/zak-fisher/app/components/VisibleFeatureList.jsx
FN:5,getVisibleFeatures
FN:10,(anonymous_4)
FN:20,(anonymous_5)
FN:24,(anonymous_6)
FN:28,(anonymous_7)
FN:35,mapStateToProps
FN:41,mapDispatchToProps
FN:42,onClickLikes
FNF:8
FNH:4
FNDA:3,getVisibleFeatures
FNDA:33,(anonymous_4)
FNDA:0,(anonymous_5)
FNDA:0,(anonymous_6)
FNDA:0,(anonymous_7)
FNDA:3,mapStateToProps
FNDA:3,mapDispatchToProps
FNDA:0,onClickLikes
DA:1,1
DA:2,1
DA:3,1
DA:5,1
DA:6,3
DA:7,3
DA:8,3
DA:10,33
DA:15,3
DA:17,0
DA:19,0
DA:20,0
DA:23,3
DA:24,0
DA:27,0
DA:28,0
DA:31,0
DA:35,3
DA:41,3
DA:42,1
DA:43,0
DA:47,1
DA:52,1
LF:23
LH:15
BRDA:7,7,0,3
BRDA:7,7,1,0
BRDA:16,8,0,0
BRDA:16,8,1,0
BRDA:16,8,2,3
BRDA:16,8,3,0
BRDA:16,8,4,0
BRF:7
BRH:3
end_of_record
TN:
SF:/Users/zachary.fisher/Desktop/zak-fisher/app/components/FeatureList.jsx
FN:4,FeatureList
FN:6,(anonymous_3)
FNF:2
FNH:1
FNDA:3,FeatureList
FNDA:0,(anonymous_3)
DA:1,1
DA:2,1
DA:4,3
DA:5,3
DA:7,0
DA:10,0
DA:16,1
DA:27,1
LF:8
LH:6
BRF:0
BRH:0
end_of_record
TN:
SF:/Users/zachary.fisher/Desktop/zak-fisher/app/components/Feature.jsx
FN:6,Feature
FNF:1
FNH:0
FNDA:0,Feature
DA:1,1
DA:2,1
DA:3,1
DA:4,1
DA:6,1
DA:7,0
DA:8,0
DA:9,0
DA:12,0
DA:19,0
DA:26,0
DA:32,0
DA:35,0
DA:39,0
DA:62,1
DA:71,1
LF:16
LH:7
BRDA:10,3,0,0
BRDA:10,3,1,0
BRDA:10,3,2,0
BRDA:10,3,3,0
BRDA:36,4,0,0
BRDA:36,4,1,0
BRF:6
BRH:1
end_of_record
TN:
SF:/Users/zachary.fisher/Desktop/zak-fisher/app/components/IconText.jsx
FN:3,IconText
FNF:1
FNH:0
FNDA:0,IconText
DA:1,1
DA:3,1
DA:5,0
DA:6,0
DA:7,0
DA:9,0
DA:11,0
DA:12,0
DA:13,0
DA:14,0
DA:16,0
DA:18,0
DA:20,0
DA:22,0
DA:27,0
DA:29,0
DA:41,0
DA:43,0
DA:50,0
DA:53,1
DA:65,1
DA:77,1
LF:22
LH:5
BRDA:11,3,0,0
BRDA:11,3,1,0
BRDA:12,4,0,0
BRDA:12,4,1,0
BRDA:13,5,0,0
BRDA:13,5,1,0
BRDA:14,6,0,0
BRDA:14,6,1,0
BRDA:20,7,0,0
BRDA:20,7,1,0
BRDA:27,8,0,0
BRDA:27,8,1,0
BRDA:33,9,0,0
BRDA:33,9,1,0
BRDA:41,10,0,0
BRDA:41,10,1,0
BRDA:41,11,0,0
BRDA:41,11,1,0
BRF:18
BRH:0
end_of_record
TN:
SF:/Users/zachary.fisher/Desktop/zak-fisher/app/components/FilterCategoryButton.jsx
FN:5,mapStateToProps
FN:10,mapDispatchToProps
FN:11,onClick
FNF:3
FNH:2
FNDA:12,mapStateToProps
FNDA:12,mapDispatchToProps
FNDA:0,onClick
DA:1,1
DA:2,1
DA:3,1
DA:5,12
DA:10,12
DA:11,1
DA:12,0
DA:16,1
DA:21,1
LF:9
LH:8
BRF:0
BRH:0
end_of_record
TN:
SF:/Users/zachary.fisher/Desktop/zak-fisher/app/components/CategoryButton.jsx
FN:5,CategoryButton
FN:35,onClick
FNF:2
FNH:1
FNDA:12,CategoryButton
FNDA:0,onClick
DA:1,1
DA:2,1
DA:3,1
DA:5,12
DA:6,12
DA:7,12
DA:9,12
DA:11,3
DA:12,3
DA:15,3
DA:16,3
DA:19,3
DA:20,3
DA:23,3
DA:24,3
DA:26,12
DA:28,3
DA:33,9
DA:35,1
DA:36,0
DA:42,1
DA:48,1
LF:22
LH:21
BRDA:10,3,0,3
BRDA:10,3,1,3
BRDA:10,3,2,3
BRDA:10,3,3,3
BRDA:26,4,0,3
BRDA:26,4,1,9
BRF:6
BRH:6
end_of_record
TN:
SF:/Users/zachary.fisher/Desktop/zak-fisher/app/components/Button.jsx
FN:3,Button
FNF:1
FNH:1
FNDA:12,Button
DA:1,1
DA:3,1
DA:4,12
DA:12,12
DA:17,12
DA:22,12
DA:28,1
DA:36,1
LF:8
LH:8
BRDA:5,3,0,12
BRDA:5,3,1,0
BRDA:13,4,0,0
BRDA:13,4,1,12
BRDA:18,5,0,12
BRDA:18,5,1,0
BRF:6
BRH:3
end_of_record
TN:
SF:/Users/zachary.fisher/Desktop/zak-fisher/app/fixtures/roadmap/hydrate.js
FN:5,roadmapHydrate
FNF:1
FNH:1
FNDA:1,roadmapHydrate
DA:1,1
DA:2,1
DA:3,1
DA:5,1
DA:6,1
DA:7,11
DA:19,1
LF:7
LH:7
BRF:0
BRH:0
end_of_record
TN:
SF:/Users/zachary.fisher/Desktop/zak-fisher/app/fixtures/roadmap/features.js
FNF:0
FNH:0
DA:1,1
DA:3,1
DA:98,1
LF:3
LH:3
BRF:0
BRH:0
end_of_record
